# JRE version: OpenJDK Runtime Environment (11.0.13) (build 11.0.13+0-b1751.21-8125866)
# Java VM: OpenJDK 64-Bit Server VM (11.0.13+0-b1751.21-8125866, mixed mode, tiered, compressed oops, g1 gc, windows-amd64)
Heap:
 garbage-first heap   total 220160K, used 59922K [0x0000000080000000, 0x0000000100000000)
  region size 1024K, 10 young (10240K), 10 survivors (10240K)
 Metaspace       used 77946K, capacity 79688K, committed 79932K, reserved 1118208K
  class space    used 10084K, capacity 10732K, committed 10828K, reserved 1048576K
GC Heap History (20 events):
Event: 1.924 GC heap after
{Heap after GC invocations=3 (full 0):
 garbage-first heap   total 126976K, used 16753K [0x0000000080000000, 0x0000000100000000)
  region size 1024K, 2 young (2048K), 2 survivors (2048K)
 Metaspace       used 20747K, capacity 21191K, committed 21296K, reserved 1069056K
  class space    used 2521K, capacity 2686K, committed 2688K, reserved 1048576K
}
Event: 2.436 GC heap before
{Heap before GC invocations=4 (full 0):
 garbage-first heap   total 126976K, used 73073K [0x0000000080000000, 0x0000000100000000)
  region size 1024K, 57 young (58368K), 2 survivors (2048K)
 Metaspace       used 26604K, capacity 27221K, committed 27388K, reserved 1073152K
  class space    used 3439K, capacity 3642K, committed 3660K, reserved 1048576K
}
Event: 2.444 GC heap after
{Heap after GC invocations=5 (full 0):
 garbage-first heap   total 126976K, used 18697K [0x0000000080000000, 0x0000000100000000)
  region size 1024K, 4 young (4096K), 4 survivors (4096K)
 Metaspace       used 26604K, capacity 27221K, committed 27388K, reserved 1073152K
  class space    used 3439K, capacity 3642K, committed 3660K, reserved 1048576K
}
Event: 3.064 GC heap before
{Heap before GC invocations=5 (full 0):
 garbage-first heap   total 126976K, used 79113K [0x0000000080000000, 0x0000000100000000)
  region size 1024K, 63 young (64512K), 4 survivors (4096K)
 Metaspace       used 34140K, capacity 34881K, committed 35196K, reserved 1079296K
  class space    used 4386K, capacity 4686K, committed 4812K, reserved 1048576K
}
Event: 3.072 GC heap after
{Heap after GC invocations=6 (full 0):
 garbage-first heap   total 152576K, used 21711K [0x0000000080000000, 0x0000000100000000)
  region size 1024K, 7 young (7168K), 7 survivors (7168K)
 Metaspace       used 34140K, capacity 34881K, committed 35196K, reserved 1079296K
  class space    used 4386K, capacity 4686K, committed 4812K, reserved 1048576K
}
Event: 3.131 GC heap before
{Heap before GC invocations=6 (full 0):
 garbage-first heap   total 152576K, used 24783K [0x0000000080000000, 0x0000000100000000)
  region size 1024K, 11 young (11264K), 7 survivors (7168K)
 Metaspace       used 35175K, capacity 35945K, committed 35964K, reserved 1081344K
  class space    used 4513K, capacity 4808K, committed 4812K, reserved 1048576K
}
Event: 3.142 GC heap after
{Heap after GC invocations=7 (full 0):
 garbage-first heap   total 152576K, used 22483K [0x0000000080000000, 0x0000000100000000)
  region size 1024K, 6 young (6144K), 6 survivors (6144K)
 Metaspace       used 35175K, capacity 35945K, committed 35964K, reserved 1081344K
  class space    used 4513K, capacity 4808K, committed 4812K, reserved 1048576K
}
Event: 3.698 GC heap before
{Heap before GC invocations=8 (full 0):
 garbage-first heap   total 152576K, used 88019K [0x0000000080000000, 0x0000000100000000)
  region size 1024K, 68 young (69632K), 6 survivors (6144K)
 Metaspace       used 39798K, capacity 40738K, committed 40956K, reserved 1085440K
  class space    used 5038K, capacity 5375K, committed 5452K, reserved 1048576K
}
Event: 3.709 GC heap after
{Heap after GC invocations=9 (full 0):
 garbage-first heap   total 152576K, used 27578K [0x0000000080000000, 0x0000000100000000)
  region size 1024K, 9 young (9216K), 9 survivors (9216K)
 Metaspace       used 39798K, capacity 40738K, committed 40956K, reserved 1085440K
  class space    used 5038K, capacity 5375K, committed 5452K, reserved 1048576K
}
Event: 4.297 GC heap before
{Heap before GC invocations=9 (full 0):
 garbage-first heap   total 152576K, used 94138K [0x0000000080000000, 0x0000000100000000)
  region size 1024K, 73 young (74752K), 9 survivors (9216K)
 Metaspace       used 45819K, capacity 46890K, committed 47228K, reserved 1089536K
  class space    used 5815K, capacity 6224K, committed 6348K, reserved 1048576K
}
Event: 4.307 GC heap after
{Heap after GC invocations=10 (full 0):
 garbage-first heap   total 152576K, used 29681K [0x0000000080000000, 0x0000000100000000)
  region size 1024K, 8 young (8192K), 8 survivors (8192K)
 Metaspace       used 45819K, capacity 46890K, committed 47228K, reserved 1089536K
  class space    used 5815K, capacity 6224K, committed 6348K, reserved 1048576K
}
Event: 5.202 GC heap before
{Heap before GC invocations=10 (full 0):
 garbage-first heap   total 152576K, used 102385K [0x0000000080000000, 0x0000000100000000)
  region size 1024K, 75 young (76800K), 8 survivors (8192K)
 Metaspace       used 49164K, capacity 50507K, committed 50684K, reserved 1093632K
  class space    used 6209K, capacity 6650K, committed 6732K, reserved 1048576K
}
Event: 5.212 GC heap after
{Heap after GC invocations=11 (full 0):
 garbage-first heap   total 183296K, used 41065K [0x0000000080000000, 0x0000000100000000)
  region size 1024K, 10 young (10240K), 10 survivors (10240K)
 Metaspace       used 49164K, capacity 50507K, committed 50684K, reserved 1093632K
  class space    used 6209K, capacity 6650K, committed 6732K, reserved 1048576K
}
Event: 6.047 GC heap before
{Heap before GC invocations=11 (full 0):
 garbage-first heap   total 183296K, used 110697K [0x0000000080000000, 0x0000000100000000)
  region size 1024K, 79 young (80896K), 10 survivors (10240K)
 Metaspace       used 59018K, capacity 60381K, committed 60580K, reserved 1101824K
  class space    used 7384K, capacity 7890K, committed 8012K, reserved 1048576K
}
Event: 6.060 GC heap after
{Heap after GC invocations=12 (full 0):
 garbage-first heap   total 183296K, used 43673K [0x0000000080000000, 0x0000000100000000)
  region size 1024K, 3 young (3072K), 3 survivors (3072K)
 Metaspace       used 59018K, capacity 60381K, committed 60580K, reserved 1101824K
  class space    used 7384K, capacity 7890K, committed 8012K, reserved 1048576K
}
Event: 6.907 GC heap before
{Heap before GC invocations=13 (full 0):
 garbage-first heap   total 183296K, used 132761K [0x0000000080000000, 0x0000000100000000)
  region size 1024K, 83 young (84992K), 3 survivors (3072K)
 Metaspace       used 65684K, capacity 67170K, committed 67516K, reserved 1107968K
  class space    used 8214K, capacity 8774K, committed 8908K, reserved 1048576K
}
Event: 6.920 GC heap after
{Heap after GC invocations=14 (full 0):
 garbage-first heap   total 183296K, used 50856K [0x0000000080000000, 0x0000000100000000)
  region size 1024K, 10 young (10240K), 10 survivors (10240K)
 Metaspace       used 65684K, capacity 67170K, committed 67516K, reserved 1107968K
  class space    used 8214K, capacity 8774K, committed 8908K, reserved 1048576K
}
Event: 7.655 GC heap before
{Heap before GC invocations=15 (full 0):
 garbage-first heap   total 183296K, used 131752K [0x0000000080000000, 0x0000000100000000)
  region size 1024K, 89 young (91136K), 10 survivors (10240K)
 Metaspace       used 70787K, capacity 72339K, committed 72508K, reserved 1112064K
  class space    used 9053K, capacity 9682K, committed 9804K, reserved 1048576K
}
Event: 7.666 GC heap after
{Heap after GC invocations=16 (full 0):
 garbage-first heap   total 183296K, used 55359K [0x0000000080000000, 0x0000000100000000)
  region size 1024K, 6 young (6144K), 6 survivors (6144K)
 Metaspace       used 70787K, capacity 72339K, committed 72508K, reserved 1112064K
  class space    used 9053K, capacity 9682K, committed 9804K, reserved 1048576K
}
Event: 8.512 GC heap before
{Heap before GC invocations=16 (full 0):
 garbage-first heap   total 183296K, used 136255K [0x0000000080000000, 0x0000000100000000)
  region size 1024K, 85 young (87040K), 6 survivors (6144K)
 Metaspace       used 77946K, capacity 79688K, committed 79932K, reserved 1118208K
  class space    used 10084K, capacity 10732K, committed 10828K, reserved 1048576K
}

