# JRE version: OpenJDK Runtime Environment (11.0.13) (build 11.0.13+0-b1751.21-8125866)
# Java VM: OpenJDK 64-Bit Server VM (11.0.13+0-b1751.21-8125866, mixed mode, tiered, compressed oops, g1 gc, windows-amd64)
Heap:
 garbage-first heap   total 220160K, used 95232K [0x0000000080000000, 0x0000000100000000)
  region size 1024K, 9 young (9216K), 6 survivors (6144K)
 Metaspace       used 91759K, capacity 94015K, committed 94044K, reserved 1130496K
  class space    used 11640K, capacity 12469K, committed 12492K, reserved 1048576K
GC Heap History (20 events):
Event: 2.926 GC heap after
{Heap after GC invocations=8 (full 0):
 garbage-first heap   total 152576K, used 22780K [0x0000000080000000, 0x0000000100000000)
  region size 1024K, 7 young (7168K), 7 survivors (7168K)
 Metaspace       used 35190K, capacity 35978K, committed 36048K, reserved 1081344K
  class space    used 4531K, capacity 4840K, committed 4864K, reserved 1048576K
}
Event: 3.518 GC heap before
{Heap before GC invocations=9 (full 0):
 garbage-first heap   total 152576K, used 92412K [0x0000000080000000, 0x0000000100000000)
  region size 1024K, 73 young (74752K), 7 survivors (7168K)
 Metaspace       used 40403K, capacity 41292K, committed 41628K, reserved 1085440K
  class space    used 5106K, capacity 5453K, committed 5580K, reserved 1048576K
}
Event: 3.528 GC heap after
{Heap after GC invocations=10 (full 0):
 garbage-first heap   total 152576K, used 28413K [0x0000000080000000, 0x0000000100000000)
  region size 1024K, 10 young (10240K), 10 survivors (10240K)
 Metaspace       used 40403K, capacity 41292K, committed 41628K, reserved 1085440K
  class space    used 5106K, capacity 5453K, committed 5580K, reserved 1048576K
}
Event: 4.093 GC heap before
{Heap before GC invocations=10 (full 0):
 garbage-first heap   total 152576K, used 97021K [0x0000000080000000, 0x0000000100000000)
  region size 1024K, 77 young (78848K), 10 survivors (10240K)
 Metaspace       used 46373K, capacity 47506K, committed 47772K, reserved 1091584K
  class space    used 5888K, capacity 6301K, committed 6348K, reserved 1048576K
}
Event: 4.104 GC heap after
{Heap after GC invocations=11 (full 0):
 garbage-first heap   total 152576K, used 29801K [0x0000000080000000, 0x0000000100000000)
  region size 1024K, 8 young (8192K), 8 survivors (8192K)
 Metaspace       used 46373K, capacity 47506K, committed 47772K, reserved 1091584K
  class space    used 5888K, capacity 6301K, committed 6348K, reserved 1048576K
}
Event: 4.826 GC heap before
{Heap before GC invocations=11 (full 0):
 garbage-first heap   total 152576K, used 110697K [0x0000000080000000, 0x0000000100000000)
  region size 1024K, 83 young (84992K), 8 survivors (8192K)
 Metaspace       used 50872K, capacity 52171K, committed 52252K, reserved 1095680K
  class space    used 6429K, capacity 6929K, committed 6988K, reserved 1048576K
}
Event: 4.836 GC heap after
{Heap after GC invocations=12 (full 0):
 garbage-first heap   total 183296K, used 41747K [0x0000000080000000, 0x0000000100000000)
  region size 1024K, 11 young (11264K), 11 survivors (11264K)
 Metaspace       used 50872K, capacity 52171K, committed 52252K, reserved 1095680K
  class space    used 6429K, capacity 6929K, committed 6988K, reserved 1048576K
}
Event: 5.457 GC heap before
{Heap before GC invocations=12 (full 0):
 garbage-first heap   total 183296K, used 97043K [0x0000000080000000, 0x0000000100000000)
  region size 1024K, 66 young (67584K), 11 survivors (11264K)
 Metaspace       used 59165K, capacity 60516K, committed 60636K, reserved 1101824K
  class space    used 7411K, capacity 7935K, committed 8012K, reserved 1048576K
}
Event: 5.473 GC heap after
{Heap after GC invocations=13 (full 0):
 garbage-first heap   total 183296K, used 43674K [0x0000000080000000, 0x0000000100000000)
  region size 1024K, 3 young (3072K), 3 survivors (3072K)
 Metaspace       used 59165K, capacity 60516K, committed 60636K, reserved 1101824K
  class space    used 7411K, capacity 7935K, committed 8012K, reserved 1048576K
}
Event: 6.452 GC heap before
{Heap before GC invocations=14 (full 0):
 garbage-first heap   total 183296K, used 148122K [0x0000000080000000, 0x0000000100000000)
  region size 1024K, 98 young (100352K), 3 survivors (3072K)
 Metaspace       used 66219K, capacity 67698K, committed 67932K, reserved 1107968K
  class space    used 8328K, capacity 8862K, committed 8908K, reserved 1048576K
}
Event: 6.464 GC heap after
{Heap after GC invocations=15 (full 0):
 garbage-first heap   total 183296K, used 51141K [0x0000000080000000, 0x0000000100000000)
  region size 1024K, 10 young (10240K), 10 survivors (10240K)
 Metaspace       used 66219K, capacity 67698K, committed 67932K, reserved 1107968K
  class space    used 8328K, capacity 8862K, committed 8908K, reserved 1048576K
}
Event: 7.199 GC heap before
{Heap before GC invocations=15 (full 0):
 garbage-first heap   total 183296K, used 137157K [0x0000000080000000, 0x0000000100000000)
  region size 1024K, 94 young (96256K), 10 survivors (10240K)
 Metaspace       used 72811K, capacity 74474K, committed 74716K, reserved 1114112K
  class space    used 9346K, capacity 9979K, committed 10060K, reserved 1048576K
}
Event: 7.213 GC heap after
{Heap after GC invocations=16 (full 0):
 garbage-first heap   total 183296K, used 56787K [0x0000000080000000, 0x0000000100000000)
  region size 1024K, 6 young (6144K), 6 survivors (6144K)
 Metaspace       used 72811K, capacity 74474K, committed 74716K, reserved 1114112K
  class space    used 9346K, capacity 9979K, committed 10060K, reserved 1048576K
}
Event: 8.148 GC heap before
{Heap before GC invocations=16 (full 0):
 garbage-first heap   total 183296K, used 140755K [0x0000000080000000, 0x0000000100000000)
  region size 1024K, 88 young (90112K), 6 survivors (6144K)
 Metaspace       used 80872K, capacity 82667K, committed 82780K, reserved 1120256K
  class space    used 10437K, capacity 11106K, committed 11212K, reserved 1048576K
}
Event: 8.160 GC heap after
{Heap after GC invocations=17 (full 0):
 garbage-first heap   total 220160K, used 61970K [0x0000000080000000, 0x0000000100000000)
  region size 1024K, 11 young (11264K), 11 survivors (11264K)
 Metaspace       used 80872K, capacity 82667K, committed 82780K, reserved 1120256K
  class space    used 10437K, capacity 11106K, committed 11212K, reserved 1048576K
}
Event: 9.578 GC heap before
{Heap before GC invocations=17 (full 0):
 garbage-first heap   total 220160K, used 163346K [0x0000000080000000, 0x0000000100000000)
  region size 1024K, 109 young (111616K), 11 survivors (11264K)
 Metaspace       used 86010K, capacity 88180K, committed 88412K, reserved 1126400K
  class space    used 11070K, capacity 11891K, committed 11980K, reserved 1048576K
}
Event: 9.598 GC heap after
{Heap after GC invocations=18 (full 0):
 garbage-first heap   total 220160K, used 75412K [0x0000000080000000, 0x0000000100000000)
  region size 1024K, 14 young (14336K), 14 survivors (14336K)
 Metaspace       used 86010K, capacity 88180K, committed 88412K, reserved 1126400K
  class space    used 11070K, capacity 11891K, committed 11980K, reserved 1048576K
}
Event: 10.674 GC heap before
{Heap before GC invocations=18 (full 0):
 garbage-first heap   total 220160K, used 180884K [0x0000000080000000, 0x0000000100000000)
  region size 1024K, 103 young (105472K), 14 survivors (14336K)
 Metaspace       used 89605K, capacity 91698K, committed 91868K, reserved 1128448K
  class space    used 11423K, capacity 12228K, committed 12364K, reserved 1048576K
}
Event: 10.694 GC heap after
{Heap after GC invocations=19 (full 0):
 garbage-first heap   total 220160K, used 87949K [0x0000000080000000, 0x0000000100000000)
  region size 1024K, 13 young (13312K), 13 survivors (13312K)
 Metaspace       used 89605K, capacity 91698K, committed 91868K, reserved 1128448K
  class space    used 11423K, capacity 12228K, committed 12364K, reserved 1048576K
}
Event: 11.583 GC heap before
{Heap before GC invocations=19 (full 0):
 garbage-first heap   total 220160K, used 169869K [0x0000000080000000, 0x0000000100000000)
  region size 1024K, 94 young (96256K), 13 survivors (13312K)
 Metaspace       used 91695K, capacity 93948K, committed 94044K, reserved 1130496K
  class space    used 11635K, capacity 12469K, committed 12492K, reserved 1048576K
}

