# JRE version: OpenJDK Runtime Environment (11.0.13) (build 11.0.13+0-b1751.21-8125866)
# Java VM: OpenJDK 64-Bit Server VM (11.0.13+0-b1751.21-8125866, mixed mode, tiered, compressed oops, g1 gc, windows-amd64)
Heap:
 garbage-first heap   total 220160K, used 75669K [0x0000000080000000, 0x0000000100000000)
  region size 1024K, 7 young (7168K), 7 survivors (7168K)
 Metaspace       used 86494K, capacity 88629K, committed 88872K, reserved 1126400K
  class space    used 11083K, capacity 11883K, committed 11980K, reserved 1048576K
GC Heap History (20 events):
Event: 2.600 GC heap after
{Heap after GC invocations=5 (full 0):
 garbage-first heap   total 126976K, used 18891K [0x0000000080000000, 0x0000000100000000)
  region size 1024K, 4 young (4096K), 4 survivors (4096K)
 Metaspace       used 26698K, capacity 27317K, committed 27520K, reserved 1073152K
  class space    used 3449K, capacity 3674K, committed 3712K, reserved 1048576K
}
Event: 3.333 GC heap before
{Heap before GC invocations=5 (full 0):
 garbage-first heap   total 126976K, used 79307K [0x0000000080000000, 0x0000000100000000)
  region size 1024K, 64 young (65536K), 4 survivors (4096K)
 Metaspace       used 35209K, capacity 35977K, committed 36048K, reserved 1081344K
  class space    used 4526K, capacity 4840K, committed 4864K, reserved 1048576K
}
Event: 3.341 GC heap after
{Heap after GC invocations=6 (full 0):
 garbage-first heap   total 152576K, used 22385K [0x0000000080000000, 0x0000000100000000)
  region size 1024K, 8 young (8192K), 8 survivors (8192K)
 Metaspace       used 35209K, capacity 35977K, committed 36048K, reserved 1081344K
  class space    used 4526K, capacity 4840K, committed 4864K, reserved 1048576K
}
Event: 4.306 GC heap before
{Heap before GC invocations=7 (full 0):
 garbage-first heap   total 152576K, used 98161K [0x0000000080000000, 0x0000000100000000)
  region size 1024K, 80 young (81920K), 8 survivors (8192K)
 Metaspace       used 40941K, capacity 41877K, committed 42192K, reserved 1085440K
  class space    used 5183K, capacity 5520K, committed 5632K, reserved 1048576K
}
Event: 4.320 GC heap after
{Heap after GC invocations=8 (full 0):
 garbage-first heap   total 152576K, used 28309K [0x0000000080000000, 0x0000000100000000)
  region size 1024K, 10 young (10240K), 10 survivors (10240K)
 Metaspace       used 40941K, capacity 41877K, committed 42192K, reserved 1085440K
  class space    used 5183K, capacity 5520K, committed 5632K, reserved 1048576K
}
Event: 4.967 GC heap before
{Heap before GC invocations=8 (full 0):
 garbage-first heap   total 152576K, used 102037K [0x0000000080000000, 0x0000000100000000)
  region size 1024K, 82 young (83968K), 10 survivors (10240K)
 Metaspace       used 47333K, capacity 48418K, committed 48720K, reserved 1091584K
  class space    used 6028K, capacity 6459K, committed 6528K, reserved 1048576K
}
Event: 4.978 GC heap after
{Heap after GC invocations=9 (full 0):
 garbage-first heap   total 152576K, used 29750K [0x0000000080000000, 0x0000000100000000)
  region size 1024K, 8 young (8192K), 8 survivors (8192K)
 Metaspace       used 47333K, capacity 48418K, committed 48720K, reserved 1091584K
  class space    used 6028K, capacity 6459K, committed 6528K, reserved 1048576K
}
Event: 5.715 GC heap before
{Heap before GC invocations=9 (full 0):
 garbage-first heap   total 152576K, used 109622K [0x0000000080000000, 0x0000000100000000)
  region size 1024K, 82 young (83968K), 8 survivors (8192K)
 Metaspace       used 52440K, capacity 53676K, committed 53968K, reserved 1095680K
  class space    used 6629K, capacity 7088K, committed 7168K, reserved 1048576K
}
Event: 5.725 GC heap after
{Heap after GC invocations=10 (full 0):
 garbage-first heap   total 152576K, used 42263K [0x0000000080000000, 0x0000000100000000)
  region size 1024K, 11 young (11264K), 11 survivors (11264K)
 Metaspace       used 52440K, capacity 53676K, committed 53968K, reserved 1095680K
  class space    used 6629K, capacity 7088K, committed 7168K, reserved 1048576K
}
Event: 6.270 GC heap before
{Heap before GC invocations=10 (full 0):
 garbage-first heap   total 152576K, used 86295K [0x0000000080000000, 0x0000000100000000)
  region size 1024K, 55 young (56320K), 11 survivors (11264K)
 Metaspace       used 59134K, capacity 60483K, committed 60508K, reserved 1101824K
  class space    used 7409K, capacity 7924K, committed 7936K, reserved 1048576K
}
Event: 6.285 GC heap after
{Heap after GC invocations=11 (full 0):
 garbage-first heap   total 183296K, used 44383K [0x0000000080000000, 0x0000000100000000)
  region size 1024K, 3 young (3072K), 3 survivors (3072K)
 Metaspace       used 59134K, capacity 60483K, committed 60508K, reserved 1101824K
  class space    used 7409K, capacity 7924K, committed 7936K, reserved 1048576K
}
Event: 7.180 GC heap before
{Heap before GC invocations=12 (full 0):
 garbage-first heap   total 183296K, used 138591K [0x0000000080000000, 0x0000000100000000)
  region size 1024K, 88 young (90112K), 3 survivors (3072K)
 Metaspace       used 66044K, capacity 67469K, committed 67624K, reserved 1107968K
  class space    used 8298K, capacity 8849K, committed 8908K, reserved 1048576K
}
Event: 7.191 GC heap after
{Heap after GC invocations=13 (full 0):
 garbage-first heap   total 183296K, used 50604K [0x0000000080000000, 0x0000000100000000)
  region size 1024K, 9 young (9216K), 9 survivors (9216K)
 Metaspace       used 66044K, capacity 67469K, committed 67624K, reserved 1107968K
  class space    used 8298K, capacity 8849K, committed 8908K, reserved 1048576K
}
Event: 7.917 GC heap before
{Heap before GC invocations=14 (full 0):
 garbage-first heap   total 183296K, used 136620K [0x0000000080000000, 0x0000000100000000)
  region size 1024K, 93 young (95232K), 9 survivors (9216K)
 Metaspace       used 72020K, capacity 73620K, committed 73768K, reserved 1114112K
  class space    used 9236K, capacity 9849K, committed 9932K, reserved 1048576K
}
Event: 7.930 GC heap after
{Heap after GC invocations=15 (full 0):
 garbage-first heap   total 183296K, used 56305K [0x0000000080000000, 0x0000000100000000)
  region size 1024K, 6 young (6144K), 6 survivors (6144K)
 Metaspace       used 72020K, capacity 73620K, committed 73768K, reserved 1114112K
  class space    used 9236K, capacity 9849K, committed 9932K, reserved 1048576K
}
Event: 8.823 GC heap before
{Heap before GC invocations=15 (full 0):
 garbage-first heap   total 183296K, used 140273K [0x0000000080000000, 0x0000000100000000)
  region size 1024K, 88 young (90112K), 6 survivors (6144K)
 Metaspace       used 80004K, capacity 81795K, committed 82088K, reserved 1120256K
  class space    used 10334K, capacity 11027K, committed 11084K, reserved 1048576K
}
Event: 8.832 GC heap after
{Heap after GC invocations=16 (full 0):
 garbage-first heap   total 183296K, used 61303K [0x0000000080000000, 0x0000000100000000)
  region size 1024K, 11 young (11264K), 11 survivors (11264K)
 Metaspace       used 80004K, capacity 81795K, committed 82088K, reserved 1120256K
  class space    used 10334K, capacity 11027K, committed 11084K, reserved 1048576K
}
Event: 9.831 GC heap before
{Heap before GC invocations=16 (full 0):
 garbage-first heap   total 183296K, used 142199K [0x0000000080000000, 0x0000000100000000)
  region size 1024K, 91 young (93184K), 11 survivors (11264K)
 Metaspace       used 84674K, capacity 86663K, committed 86824K, reserved 1124352K
  class space    used 10903K, capacity 11685K, committed 11724K, reserved 1048576K
}
Event: 9.847 GC heap after
{Heap after GC invocations=17 (full 0):
 garbage-first heap   total 183296K, used 68480K [0x0000000080000000, 0x0000000100000000)
  region size 1024K, 12 young (12288K), 12 survivors (12288K)
 Metaspace       used 84674K, capacity 86663K, committed 86824K, reserved 1124352K
  class space    used 10903K, capacity 11685K, committed 11724K, reserved 1048576K
}
Event: 11.026 GC heap before
{Heap before GC invocations=17 (full 0):
 garbage-first heap   total 183296K, used 144256K [0x0000000080000000, 0x0000000100000000)
  region size 1024K, 87 young (89088K), 12 survivors (12288K)
 Metaspace       used 86494K, capacity 88629K, committed 88872K, reserved 1126400K
  class space    used 11083K, capacity 11883K, committed 11980K, reserved 1048576K
}

