# JRE version: OpenJDK Runtime Environment (11.0.13) (build 11.0.13+0-b1751.21-8125866)
# Java VM: OpenJDK 64-Bit Server VM (11.0.13+0-b1751.21-8125866, mixed mode, tiered, compressed oops, g1 gc, windows-amd64)
Heap:
 garbage-first heap   total 222208K, used 58655K [0x0000000080000000, 0x0000000100000000)
  region size 1024K, 10 young (10240K), 5 survivors (5120K)
 Metaspace       used 66955K, capacity 68510K, committed 68636K, reserved 1110016K
  class space    used 8388K, capacity 9004K, committed 9088K, reserved 1048576K
GC Heap History (20 events):
Event: 1.596 GC heap before
{Heap before GC invocations=3 (full 0):
 garbage-first heap   total 126976K, used 51876K [0x0000000080000000, 0x0000000100000000)
  region size 1024K, 41 young (41984K), 2 survivors (2048K)
 Metaspace       used 17370K, capacity 17721K, committed 17792K, reserved 1064960K
  class space    used 2017K, capacity 2147K, committed 2176K, reserved 1048576K
}
Event: 1.601 GC heap after
{Heap after GC invocations=4 (full 0):
 garbage-first heap   total 126976K, used 16507K [0x0000000080000000, 0x0000000100000000)
  region size 1024K, 6 young (6144K), 6 survivors (6144K)
 Metaspace       used 17370K, capacity 17721K, committed 17792K, reserved 1064960K
  class space    used 2017K, capacity 2147K, committed 2176K, reserved 1048576K
}
Event: 1.816 GC heap before
{Heap before GC invocations=4 (full 0):
 garbage-first heap   total 126976K, used 48251K [0x0000000080000000, 0x0000000100000000)
  region size 1024K, 38 young (38912K), 6 survivors (6144K)
 Metaspace       used 20790K, capacity 21193K, committed 21296K, reserved 1069056K
  class space    used 2534K, capacity 2688K, committed 2688K, reserved 1048576K
}
Event: 1.821 GC heap after
{Heap after GC invocations=5 (full 0):
 garbage-first heap   total 152576K, used 17391K [0x0000000080000000, 0x0000000100000000)
  region size 1024K, 6 young (6144K), 6 survivors (6144K)
 Metaspace       used 20790K, capacity 21193K, committed 21296K, reserved 1069056K
  class space    used 2534K, capacity 2688K, committed 2688K, reserved 1048576K
}
Event: 2.333 GC heap before
{Heap before GC invocations=6 (full 0):
 garbage-first heap   total 152576K, used 80879K [0x0000000080000000, 0x0000000100000000)
  region size 1024K, 68 young (69632K), 6 survivors (6144K)
 Metaspace       used 27001K, capacity 27611K, committed 27776K, reserved 1073152K
  class space    used 3506K, capacity 3708K, committed 3712K, reserved 1048576K
}
Event: 2.339 GC heap after
{Heap after GC invocations=7 (full 0):
 garbage-first heap   total 152576K, used 19761K [0x0000000080000000, 0x0000000100000000)
  region size 1024K, 4 young (4096K), 4 survivors (4096K)
 Metaspace       used 27001K, capacity 27611K, committed 27776K, reserved 1073152K
  class space    used 3506K, capacity 3708K, committed 3712K, reserved 1048576K
}
Event: 2.920 GC heap before
{Heap before GC invocations=7 (full 0):
 garbage-first heap   total 152576K, used 75057K [0x0000000080000000, 0x0000000100000000)
  region size 1024K, 59 young (60416K), 4 survivors (4096K)
 Metaspace       used 35191K, capacity 35978K, committed 36048K, reserved 1081344K
  class space    used 4531K, capacity 4840K, committed 4864K, reserved 1048576K
}
Event: 2.929 GC heap after
{Heap after GC invocations=8 (full 0):
 garbage-first heap   total 152576K, used 22944K [0x0000000080000000, 0x0000000100000000)
  region size 1024K, 7 young (7168K), 7 survivors (7168K)
 Metaspace       used 35191K, capacity 35978K, committed 36048K, reserved 1081344K
  class space    used 4531K, capacity 4840K, committed 4864K, reserved 1048576K
}
Event: 3.510 GC heap before
{Heap before GC invocations=9 (full 0):
 garbage-first heap   total 152576K, used 99744K [0x0000000080000000, 0x0000000100000000)
  region size 1024K, 79 young (80896K), 7 survivors (7168K)
 Metaspace       used 40835K, capacity 41809K, committed 42140K, reserved 1085440K
  class space    used 5174K, capacity 5519K, committed 5632K, reserved 1048576K
}
Event: 3.521 GC heap after
{Heap after GC invocations=10 (full 0):
 garbage-first heap   total 152576K, used 29143K [0x0000000080000000, 0x0000000100000000)
  region size 1024K, 10 young (10240K), 10 survivors (10240K)
 Metaspace       used 40835K, capacity 41809K, committed 42140K, reserved 1085440K
  class space    used 5174K, capacity 5519K, committed 5632K, reserved 1048576K
}
Event: 4.118 GC heap before
{Heap before GC invocations=10 (full 0):
 garbage-first heap   total 152576K, used 105943K [0x0000000080000000, 0x0000000100000000)
  region size 1024K, 85 young (87040K), 10 survivors (10240K)
 Metaspace       used 47452K, capacity 48557K, committed 48668K, reserved 1091584K
  class space    used 6048K, capacity 6463K, committed 6528K, reserved 1048576K
}
Event: 4.130 GC heap after
{Heap after GC invocations=11 (full 0):
 garbage-first heap   total 183296K, used 30878K [0x0000000080000000, 0x0000000100000000)
  region size 1024K, 8 young (8192K), 8 survivors (8192K)
 Metaspace       used 47452K, capacity 48557K, committed 48668K, reserved 1091584K
  class space    used 6048K, capacity 6463K, committed 6528K, reserved 1048576K
}
Event: 5.426 GC heap before
{Heap before GC invocations=11 (full 0):
 garbage-first heap   total 183296K, used 136350K [0x0000000080000000, 0x0000000100000000)
  region size 1024K, 107 young (109568K), 8 survivors (8192K)
 Metaspace       used 56684K, capacity 58108K, committed 58268K, reserved 1099776K
  class space    used 7092K, capacity 7627K, committed 7680K, reserved 1048576K
}
Event: 5.444 GC heap after
{Heap after GC invocations=12 (full 0):
 garbage-first heap   total 183296K, used 42889K [0x0000000080000000, 0x0000000100000000)
  region size 1024K, 14 young (14336K), 14 survivors (14336K)
 Metaspace       used 56684K, capacity 58108K, committed 58268K, reserved 1099776K
  class space    used 7092K, capacity 7627K, committed 7680K, reserved 1048576K
}
Event: 5.864 GC heap before
{Heap before GC invocations=12 (full 0):
 garbage-first heap   total 183296K, used 60297K [0x0000000080000000, 0x0000000100000000)
  region size 1024K, 32 young (32768K), 14 survivors (14336K)
 Metaspace       used 59167K, capacity 60561K, committed 60572K, reserved 1101824K
  class space    used 7401K, capacity 7927K, committed 7936K, reserved 1048576K
}
Event: 5.886 GC heap after
{Heap after GC invocations=13 (full 0):
 garbage-first heap   total 183296K, used 45532K [0x0000000080000000, 0x0000000100000000)
  region size 1024K, 2 young (2048K), 2 survivors (2048K)
 Metaspace       used 59167K, capacity 60561K, committed 60572K, reserved 1101824K
  class space    used 7401K, capacity 7927K, committed 7936K, reserved 1048576K
}
Event: 6.622 GC heap before
{Heap before GC invocations=14 (full 0):
 garbage-first heap   total 183296K, used 114140K [0x0000000080000000, 0x0000000100000000)
  region size 1024K, 63 young (64512K), 2 survivors (2048K)
 Metaspace       used 64210K, capacity 65682K, committed 65948K, reserved 1105920K
  class space    used 8026K, capacity 8581K, committed 8704K, reserved 1048576K
}
Event: 6.632 GC heap after
{Heap after GC invocations=15 (full 0):
 garbage-first heap   total 183296K, used 50466K [0x0000000080000000, 0x0000000100000000)
  region size 1024K, 7 young (7168K), 7 survivors (7168K)
 Metaspace       used 64210K, capacity 65682K, committed 65948K, reserved 1105920K
  class space    used 8026K, capacity 8581K, committed 8704K, reserved 1048576K
}
Event: 7.031 GC heap before
{Heap before GC invocations=16 (full 0):
 garbage-first heap   total 183296K, used 114978K [0x0000000080000000, 0x0000000100000000)
  region size 1024K, 70 young (71680K), 7 survivors (7168K)
 Metaspace       used 66487K, capacity 68062K, committed 68252K, reserved 1107968K
  class space    used 8337K, capacity 8940K, committed 8960K, reserved 1048576K
}
Event: 7.044 GC heap after
{Heap after GC invocations=17 (full 0):
 garbage-first heap   total 222208K, used 54559K [0x0000000080000000, 0x0000000100000000)
  region size 1024K, 5 young (5120K), 5 survivors (5120K)
 Metaspace       used 66487K, capacity 68062K, committed 68252K, reserved 1107968K
  class space    used 8337K, capacity 8940K, committed 8960K, reserved 1048576K
}

