# JRE version: OpenJDK Runtime Environment (11.0.13) (build 11.0.13+0-b1751.21-8125866)
# Java VM: OpenJDK 64-Bit Server VM (11.0.13+0-b1751.21-8125866, mixed mode, tiered, compressed oops, g1 gc, windows-amd64)
Heap:
 garbage-first heap   total 220160K, used 154923K [0x0000000080000000, 0x0000000100000000)
  region size 1024K, 103 young (105472K), 6 survivors (6144K)
 Metaspace       used 82716K, capacity 84562K, committed 84764K, reserved 1122304K
  class space    used 10614K, capacity 11302K, committed 11340K, reserved 1048576K
GC Heap History (20 events):
Event: 1.652 GC heap before
{Heap before GC invocations=3 (full 0):
 garbage-first heap   total 126976K, used 51500K [0x0000000080000000, 0x0000000100000000)
  region size 1024K, 41 young (41984K), 2 survivors (2048K)
 Metaspace       used 17378K, capacity 17753K, committed 18048K, reserved 1064960K
  class space    used 2009K, capacity 2115K, committed 2176K, reserved 1048576K
}
Event: 1.658 GC heap after
{Heap after GC invocations=4 (full 0):
 garbage-first heap   total 126976K, used 16236K [0x0000000080000000, 0x0000000100000000)
  region size 1024K, 6 young (6144K), 6 survivors (6144K)
 Metaspace       used 17378K, capacity 17753K, committed 18048K, reserved 1064960K
  class space    used 2009K, capacity 2115K, committed 2176K, reserved 1048576K
}
Event: 1.884 GC heap before
{Heap before GC invocations=4 (full 0):
 garbage-first heap   total 126976K, used 49004K [0x0000000080000000, 0x0000000100000000)
  region size 1024K, 39 young (39936K), 6 survivors (6144K)
 Metaspace       used 20771K, capacity 21193K, committed 21296K, reserved 1069056K
  class space    used 2524K, capacity 2688K, committed 2688K, reserved 1048576K
}
Event: 1.891 GC heap after
{Heap after GC invocations=5 (full 0):
 garbage-first heap   total 152576K, used 17512K [0x0000000080000000, 0x0000000100000000)
  region size 1024K, 2 young (2048K), 2 survivors (2048K)
 Metaspace       used 20771K, capacity 21193K, committed 21296K, reserved 1069056K
  class space    used 2524K, capacity 2688K, committed 2688K, reserved 1048576K
}
Event: 2.409 GC heap before
{Heap before GC invocations=6 (full 0):
 garbage-first heap   total 152576K, used 79976K [0x0000000080000000, 0x0000000100000000)
  region size 1024K, 63 young (64512K), 2 survivors (2048K)
 Metaspace       used 26962K, capacity 27547K, committed 27776K, reserved 1073152K
  class space    used 3495K, capacity 3708K, committed 3712K, reserved 1048576K
}
Event: 2.414 GC heap after
{Heap after GC invocations=7 (full 0):
 garbage-first heap   total 152576K, used 19364K [0x0000000080000000, 0x0000000100000000)
  region size 1024K, 4 young (4096K), 4 survivors (4096K)
 Metaspace       used 26962K, capacity 27547K, committed 27776K, reserved 1073152K
  class space    used 3495K, capacity 3708K, committed 3712K, reserved 1048576K
}
Event: 2.971 GC heap before
{Heap before GC invocations=7 (full 0):
 garbage-first heap   total 152576K, used 74660K [0x0000000080000000, 0x0000000100000000)
  region size 1024K, 59 young (60416K), 4 survivors (4096K)
 Metaspace       used 35203K, capacity 35977K, committed 36048K, reserved 1081344K
  class space    used 4527K, capacity 4840K, committed 4864K, reserved 1048576K
}
Event: 2.980 GC heap after
{Heap after GC invocations=8 (full 0):
 garbage-first heap   total 152576K, used 22849K [0x0000000080000000, 0x0000000100000000)
  region size 1024K, 7 young (7168K), 7 survivors (7168K)
 Metaspace       used 35203K, capacity 35977K, committed 36048K, reserved 1081344K
  class space    used 4527K, capacity 4840K, committed 4864K, reserved 1048576K
}
Event: 3.738 GC heap before
{Heap before GC invocations=9 (full 0):
 garbage-first heap   total 152576K, used 109889K [0x0000000080000000, 0x0000000100000000)
  region size 1024K, 89 young (91136K), 7 survivors (7168K)
 Metaspace       used 41854K, capacity 42914K, committed 43164K, reserved 1087488K
  class space    used 5324K, capacity 5730K, committed 5836K, reserved 1048576K
}
Event: 3.752 GC heap after
{Heap after GC invocations=10 (full 0):
 garbage-first heap   total 152576K, used 28859K [0x0000000080000000, 0x0000000100000000)
  region size 1024K, 12 young (12288K), 12 survivors (12288K)
 Metaspace       used 41854K, capacity 42914K, committed 43164K, reserved 1087488K
  class space    used 5324K, capacity 5730K, committed 5836K, reserved 1048576K
}
Event: 4.448 GC heap before
{Heap before GC invocations=10 (full 0):
 garbage-first heap   total 152576K, used 108731K [0x0000000080000000, 0x0000000100000000)
  region size 1024K, 89 young (91136K), 12 survivors (12288K)
 Metaspace       used 47919K, capacity 49134K, committed 49308K, reserved 1091584K
  class space    used 6074K, capacity 6503K, committed 6604K, reserved 1048576K
}
Event: 4.465 GC heap after
{Heap after GC invocations=11 (full 0):
 garbage-first heap   total 183296K, used 31531K [0x0000000080000000, 0x0000000100000000)
  region size 1024K, 9 young (9216K), 9 survivors (9216K)
 Metaspace       used 47919K, capacity 49134K, committed 49308K, reserved 1091584K
  class space    used 6074K, capacity 6503K, committed 6604K, reserved 1048576K
}
Event: 5.400 GC heap before
{Heap before GC invocations=11 (full 0):
 garbage-first heap   total 183296K, used 134955K [0x0000000080000000, 0x0000000100000000)
  region size 1024K, 106 young (108544K), 9 survivors (9216K)
 Metaspace       used 57887K, capacity 59279K, committed 59420K, reserved 1101824K
  class space    used 7217K, capacity 7734K, committed 7756K, reserved 1048576K
}
Event: 5.412 GC heap after
{Heap after GC invocations=12 (full 0):
 garbage-first heap   total 183296K, used 43818K [0x0000000080000000, 0x0000000100000000)
  region size 1024K, 12 young (12288K), 12 survivors (12288K)
 Metaspace       used 57887K, capacity 59279K, committed 59420K, reserved 1101824K
  class space    used 7217K, capacity 7734K, committed 7756K, reserved 1048576K
}
Event: 5.520 GC heap before
{Heap before GC invocations=12 (full 0):
 garbage-first heap   total 183296K, used 52010K [0x0000000080000000, 0x0000000100000000)
  region size 1024K, 21 young (21504K), 12 survivors (12288K)
 Metaspace       used 59146K, capacity 60490K, committed 60636K, reserved 1101824K
  class space    used 7404K, capacity 7926K, committed 8012K, reserved 1048576K
}
Event: 5.535 GC heap after
{Heap after GC invocations=13 (full 0):
 garbage-first heap   total 183296K, used 44947K [0x0000000080000000, 0x0000000100000000)
  region size 1024K, 2 young (2048K), 2 survivors (2048K)
 Metaspace       used 59146K, capacity 60490K, committed 60636K, reserved 1101824K
  class space    used 7404K, capacity 7926K, committed 8012K, reserved 1048576K
}
Event: 6.430 GC heap before
{Heap before GC invocations=14 (full 0):
 garbage-first heap   total 183296K, used 147347K [0x0000000080000000, 0x0000000100000000)
  region size 1024K, 95 young (97280K), 2 survivors (2048K)
 Metaspace       used 66132K, capacity 67673K, committed 67740K, reserved 1107968K
  class space    used 8313K, capacity 8853K, committed 8908K, reserved 1048576K
}
Event: 6.443 GC heap after
{Heap after GC invocations=15 (full 0):
 garbage-first heap   total 183296K, used 52046K [0x0000000080000000, 0x0000000100000000)
  region size 1024K, 9 young (9216K), 9 survivors (9216K)
 Metaspace       used 66132K, capacity 67673K, committed 67740K, reserved 1107968K
  class space    used 8313K, capacity 8853K, committed 8908K, reserved 1048576K
}
Event: 7.256 GC heap before
{Heap before GC invocations=16 (full 0):
 garbage-first heap   total 183296K, used 141134K [0x0000000080000000, 0x0000000100000000)
  region size 1024K, 96 young (98304K), 9 survivors (9216K)
 Metaspace       used 72890K, capacity 74510K, committed 74780K, reserved 1114112K
  class space    used 9355K, capacity 9968K, committed 10060K, reserved 1048576K
}
Event: 7.272 GC heap after
{Heap after GC invocations=17 (full 0):
 garbage-first heap   total 220160K, used 57643K [0x0000000080000000, 0x0000000100000000)
  region size 1024K, 6 young (6144K), 6 survivors (6144K)
 Metaspace       used 72890K, capacity 74510K, committed 74780K, reserved 1114112K
  class space    used 9355K, capacity 9968K, committed 10060K, reserved 1048576K
}

