# JRE version: OpenJDK Runtime Environment (11.0.13) (build 11.0.13+0-b1751.21-8125866)
# Java VM: OpenJDK 64-Bit Server VM (11.0.13+0-b1751.21-8125866, mixed mode, tiered, compressed oops, g1 gc, windows-amd64)
Heap:
 garbage-first heap   total 220160K, used 69562K [0x0000000080000000, 0x0000000100000000)
  region size 1024K, 12 young (12288K), 12 survivors (12288K)
 Metaspace       used 84803K, capacity 86792K, committed 86876K, reserved 1124352K
  class space    used 10909K, capacity 11681K, committed 11724K, reserved 1048576K
GC Heap History (20 events):
Event: 1.964 GC heap after
{Heap after GC invocations=3 (full 0):
 garbage-first heap   total 126976K, used 17064K [0x0000000080000000, 0x0000000100000000)
  region size 1024K, 3 young (3072K), 3 survivors (3072K)
 Metaspace       used 20801K, capacity 21193K, committed 21296K, reserved 1069056K
  class space    used 2531K, capacity 2688K, committed 2688K, reserved 1048576K
}
Event: 2.446 GC heap before
{Heap before GC invocations=4 (full 0):
 garbage-first heap   total 126976K, used 77480K [0x0000000080000000, 0x0000000100000000)
  region size 1024K, 62 young (63488K), 3 survivors (3072K)
 Metaspace       used 26877K, capacity 27480K, committed 27520K, reserved 1073152K
  class space    used 3483K, capacity 3707K, committed 3712K, reserved 1048576K
}
Event: 2.451 GC heap after
{Heap after GC invocations=5 (full 0):
 garbage-first heap   total 126976K, used 18921K [0x0000000080000000, 0x0000000100000000)
  region size 1024K, 4 young (4096K), 4 survivors (4096K)
 Metaspace       used 26877K, capacity 27480K, committed 27520K, reserved 1073152K
  class space    used 3483K, capacity 3707K, committed 3712K, reserved 1048576K
}
Event: 3.019 GC heap before
{Heap before GC invocations=5 (full 0):
 garbage-first heap   total 126976K, used 77289K [0x0000000080000000, 0x0000000100000000)
  region size 1024K, 62 young (63488K), 4 survivors (4096K)
 Metaspace       used 35196K, capacity 35978K, committed 36048K, reserved 1081344K
  class space    used 4532K, capacity 4840K, committed 4864K, reserved 1048576K
}
Event: 3.027 GC heap after
{Heap after GC invocations=6 (full 0):
 garbage-first heap   total 152576K, used 22369K [0x0000000080000000, 0x0000000100000000)
  region size 1024K, 8 young (8192K), 8 survivors (8192K)
 Metaspace       used 35196K, capacity 35978K, committed 36048K, reserved 1081344K
  class space    used 4532K, capacity 4840K, committed 4864K, reserved 1048576K
}
Event: 3.674 GC heap before
{Heap before GC invocations=7 (full 0):
 garbage-first heap   total 152576K, used 99169K [0x0000000080000000, 0x0000000100000000)
  region size 1024K, 80 young (81920K), 8 survivors (8192K)
 Metaspace       used 40869K, capacity 41873K, committed 42140K, reserved 1085440K
  class space    used 5177K, capacity 5519K, committed 5580K, reserved 1048576K
}
Event: 3.689 GC heap after
{Heap after GC invocations=8 (full 0):
 garbage-first heap   total 152576K, used 27671K [0x0000000080000000, 0x0000000100000000)
  region size 1024K, 9 young (9216K), 9 survivors (9216K)
 Metaspace       used 40869K, capacity 41873K, committed 42140K, reserved 1085440K
  class space    used 5177K, capacity 5519K, committed 5580K, reserved 1048576K
}
Event: 4.312 GC heap before
{Heap before GC invocations=8 (full 0):
 garbage-first heap   total 152576K, used 101399K [0x0000000080000000, 0x0000000100000000)
  region size 1024K, 81 young (82944K), 9 survivors (9216K)
 Metaspace       used 47251K, capacity 48414K, committed 48668K, reserved 1091584K
  class space    used 6021K, capacity 6458K, committed 6476K, reserved 1048576K
}
Event: 4.322 GC heap after
{Heap after GC invocations=9 (full 0):
 garbage-first heap   total 152576K, used 29742K [0x0000000080000000, 0x0000000100000000)
  region size 1024K, 8 young (8192K), 8 survivors (8192K)
 Metaspace       used 47251K, capacity 48414K, committed 48668K, reserved 1091584K
  class space    used 6021K, capacity 6458K, committed 6476K, reserved 1048576K
}
Event: 5.050 GC heap before
{Heap before GC invocations=9 (full 0):
 garbage-first heap   total 152576K, used 110638K [0x0000000080000000, 0x0000000100000000)
  region size 1024K, 83 young (84992K), 8 survivors (8192K)
 Metaspace       used 52458K, capacity 53765K, committed 54044K, reserved 1095680K
  class space    used 6635K, capacity 7118K, committed 7244K, reserved 1048576K
}
Event: 5.063 GC heap after
{Heap after GC invocations=10 (full 0):
 garbage-first heap   total 152576K, used 42104K [0x0000000080000000, 0x0000000100000000)
  region size 1024K, 11 young (11264K), 11 survivors (11264K)
 Metaspace       used 52458K, capacity 53765K, committed 54044K, reserved 1095680K
  class space    used 6635K, capacity 7118K, committed 7244K, reserved 1048576K
}
Event: 5.572 GC heap before
{Heap before GC invocations=10 (full 0):
 garbage-first heap   total 152576K, used 85112K [0x0000000080000000, 0x0000000100000000)
  region size 1024K, 54 young (55296K), 11 survivors (11264K)
 Metaspace       used 59197K, capacity 60497K, committed 60636K, reserved 1101824K
  class space    used 7417K, capacity 7929K, committed 8012K, reserved 1048576K
}
Event: 5.584 GC heap after
{Heap after GC invocations=11 (full 0):
 garbage-first heap   total 183296K, used 44846K [0x0000000080000000, 0x0000000100000000)
  region size 1024K, 3 young (3072K), 3 survivors (3072K)
 Metaspace       used 59197K, capacity 60497K, committed 60636K, reserved 1101824K
  class space    used 7417K, capacity 7929K, committed 8012K, reserved 1048576K
}
Event: 6.593 GC heap before
{Heap before GC invocations=12 (full 0):
 garbage-first heap   total 183296K, used 142126K [0x0000000080000000, 0x0000000100000000)
  region size 1024K, 91 young (93184K), 3 survivors (3072K)
 Metaspace       used 66126K, capacity 67652K, committed 67932K, reserved 1107968K
  class space    used 8318K, capacity 8847K, committed 8908K, reserved 1048576K
}
Event: 6.604 GC heap after
{Heap after GC invocations=13 (full 0):
 garbage-first heap   total 183296K, used 51372K [0x0000000080000000, 0x0000000100000000)
  region size 1024K, 9 young (9216K), 9 survivors (9216K)
 Metaspace       used 66126K, capacity 67652K, committed 67932K, reserved 1107968K
  class space    used 8318K, capacity 8847K, committed 8908K, reserved 1048576K
}
Event: 7.294 GC heap before
{Heap before GC invocations=13 (full 0):
 garbage-first heap   total 183296K, used 137388K [0x0000000080000000, 0x0000000100000000)
  region size 1024K, 93 young (95232K), 9 survivors (9216K)
 Metaspace       used 72352K, capacity 74003K, committed 74076K, reserved 1114112K
  class space    used 9281K, capacity 9890K, committed 9932K, reserved 1048576K
}
Event: 7.307 GC heap after
{Heap after GC invocations=14 (full 0):
 garbage-first heap   total 183296K, used 57622K [0x0000000080000000, 0x0000000100000000)
  region size 1024K, 7 young (7168K), 7 survivors (7168K)
 Metaspace       used 72352K, capacity 74003K, committed 74076K, reserved 1114112K
  class space    used 9281K, capacity 9890K, committed 9932K, reserved 1048576K
}
Event: 8.160 GC heap before
{Heap before GC invocations=14 (full 0):
 garbage-first heap   total 183296K, used 140566K [0x0000000080000000, 0x0000000100000000)
  region size 1024K, 88 young (90112K), 7 survivors (7168K)
 Metaspace       used 80130K, capacity 82006K, committed 82140K, reserved 1120256K
  class space    used 10345K, capacity 11033K, committed 11084K, reserved 1048576K
}
Event: 8.171 GC heap after
{Heap after GC invocations=15 (full 0):
 garbage-first heap   total 183296K, used 61945K [0x0000000080000000, 0x0000000100000000)
  region size 1024K, 11 young (11264K), 11 survivors (11264K)
 Metaspace       used 80130K, capacity 82006K, committed 82140K, reserved 1120256K
  class space    used 10345K, capacity 11033K, committed 11084K, reserved 1048576K
}
Event: 9.319 GC heap before
{Heap before GC invocations=15 (full 0):
 garbage-first heap   total 183296K, used 142841K [0x0000000080000000, 0x0000000100000000)
  region size 1024K, 91 young (93184K), 11 survivors (11264K)
 Metaspace       used 84803K, capacity 86792K, committed 86876K, reserved 1124352K
  class space    used 10909K, capacity 11681K, committed 11724K, reserved 1048576K
}

